# JRE version: Java(TM) SE Runtime Environment (8.0_25-b18) (build 1.8.0_25-b18)
# Java VM: Java HotSpot(TM) 64-Bit Server VM (25.25-b02 mixed mode windows-amd64 compressed oops)
Heap:
 PSYoungGen      total 1215488K, used 95260K [0x000000076ab00000, 0x00000007bf400000, 0x00000007c0000000)
  eden space 1064960K, 5% used [0x000000076ab00000,0x000000076e287e60,0x00000007abb00000)
  from space 150528K, 25% used [0x00000007b6100000,0x00000007b867f528,0x00000007bf400000)
  to   space 160256K, 0% used [0x00000007abb00000,0x00000007abb00000,0x00000007b5780000)
 ParOldGen       total 752640K, used 498004K [0x00000006c0000000, 0x00000006edf00000, 0x000000076ab00000)
  object space 752640K, 66% used [0x00000006c0000000,0x00000006de655188,0x00000006edf00000)
 Metaspace       used 91606K, capacity 92439K, committed 93440K, reserved 1128448K
  class space    used 14736K, capacity 15040K, committed 15104K, reserved 1048576K
GC Heap History (10 events):
Event: 50.491 GC heap before
{Heap before GC invocations=22 (full 3):
 PSYoungGen      total 1235968K, used 1235958K [0x000000076ab00000, 0x00000007c0000000, 0x00000007c0000000)
  eden space 1131520K, 100% used [0x000000076ab00000,0x00000007afc00000,0x00000007afc00000)
  from space 104448K, 99% used [0x00000007b9a00000,0x00000007bfffd800,0x00000007c0000000)
  to   space 133120K, 0% used [0x00000007afc00000,0x00000007afc00000,0x00000007b7e00000)
 ParOldGen       total 492032K, used 338736K [0x00000006c0000000, 0x00000006de080000, 0x000000076ab00000)
  object space 492032K, 68% used [0x00000006c0000000,0x00000006d4acc0c8,0x00000006de080000)
 Metaspace       used 75370K, capacity 76037K, committed 76672K, reserved 1114112K
  class space    used 11418K, capacity 11621K, committed 11648K, reserved 1048576K
Event: 50.649 GC heap after
Heap after GC invocations=22 (full 3):
 PSYoungGen      total 1247744K, used 116082K [0x000000076ab00000, 0x00000007c0000000, 0x00000007c0000000)
  eden space 1131520K, 0% used [0x000000076ab00000,0x000000076ab00000,0x00000007afc00000)
  from space 116224K, 99% used [0x00000007afc00000,0x00000007b6d5ca98,0x00000007b6d80000)
  to   space 146432K, 0% used [0x00000007b7100000,0x00000007b7100000,0x00000007c0000000)
 ParOldGen       total 492032K, used 377312K [0x00000006c0000000, 0x00000006de080000, 0x000000076ab00000)
  object space 492032K, 76% used [0x00000006c0000000,0x00000006d7078290,0x00000006de080000)
 Metaspace       used 75370K, capacity 76037K, committed 76672K, reserved 1114112K
  class space    used 11418K, capacity 11621K, committed 11648K, reserved 1048576K
}
Event: 53.568 GC heap before
{Heap before GC invocations=23 (full 3):
 PSYoungGen      total 1247744K, used 1247602K [0x000000076ab00000, 0x00000007c0000000, 0x00000007c0000000)
  eden space 1131520K, 100% used [0x000000076ab00000,0x00000007afc00000,0x00000007afc00000)
  from space 116224K, 99% used [0x00000007afc00000,0x00000007b6d5ca98,0x00000007b6d80000)
  to   space 146432K, 0% used [0x00000007b7100000,0x00000007b7100000,0x00000007c0000000)
 ParOldGen       total 492032K, used 377312K [0x00000006c0000000, 0x00000006de080000, 0x000000076ab00000)
  object space 492032K, 76% used [0x00000006c0000000,0x00000006d7078290,0x00000006de080000)
 Metaspace       used 81600K, capacity 82311K, committed 83328K, reserved 1120256K
  class space    used 12818K, capacity 13068K, committed 13184K, reserved 1048576K
Event: 53.730 GC heap after
Heap after GC invocations=23 (full 3):
 PSYoungGen      total 1204224K, used 146429K [0x000000076ab00000, 0x00000007c0000000, 0x00000007c0000000)
  eden space 1057792K, 0% used [0x000000076ab00000,0x000000076ab00000,0x00000007ab400000)
  from space 146432K, 99% used [0x00000007b7100000,0x00000007bffff4c8,0x00000007c0000000)
  to   space 169984K, 0% used [0x00000007ab400000,0x00000007ab400000,0x00000007b5a00000)
 ParOldGen       total 492032K, used 381802K [0x00000006c0000000, 0x00000006de080000, 0x000000076ab00000)
  object space 492032K, 77% used [0x00000006c0000000,0x00000006d74daa60,0x00000006de080000)
 Metaspace       used 81600K, capacity 82311K, committed 83328K, reserved 1120256K
  class space    used 12818K, capacity 13068K, committed 13184K, reserved 1048576K
}
Event: 56.594 GC heap before
{Heap before GC invocations=24 (full 3):
 PSYoungGen      total 1204224K, used 1204221K [0x000000076ab00000, 0x00000007c0000000, 0x00000007c0000000)
  eden space 1057792K, 100% used [0x000000076ab00000,0x00000007ab400000,0x00000007ab400000)
  from space 146432K, 99% used [0x00000007b7100000,0x00000007bffff4c8,0x00000007c0000000)
  to   space 169984K, 0% used [0x00000007ab400000,0x00000007ab400000,0x00000007b5a00000)
 ParOldGen       total 492032K, used 381802K [0x00000006c0000000, 0x00000006de080000, 0x000000076ab00000)
  object space 492032K, 77% used [0x00000006c0000000,0x00000006d74daa60,0x00000006de080000)
 Metaspace       used 86928K, capacity 87673K, committed 88704K, reserved 1124352K
  class space    used 13882K, capacity 14123K, committed 14208K, reserved 1048576K
Event: 56.786 GC heap after
Heap after GC invocations=24 (full 3):
 PSYoungGen      total 1227776K, used 80857K [0x000000076ab00000, 0x00000007c0000000, 0x00000007c0000000)
  eden space 1057792K, 0% used [0x000000076ab00000,0x000000076ab00000,0x00000007ab400000)
  from space 169984K, 47% used [0x00000007ab400000,0x00000007b02f6778,0x00000007b5a00000)
  to   space 162816K, 0% used [0x00000007b6100000,0x00000007b6100000,0x00000007c0000000)
 ParOldGen       total 492032K, used 478677K [0x00000006c0000000, 0x00000006de080000, 0x000000076ab00000)
  object space 492032K, 97% used [0x00000006c0000000,0x00000006dd3756a0,0x00000006de080000)
 Metaspace       used 86928K, capacity 87673K, committed 88704K, reserved 1124352K
  class space    used 13882K, capacity 14123K, committed 14208K, reserved 1048576K
}
Event: 56.786 GC heap before
{Heap before GC invocations=25 (full 4):
 PSYoungGen      total 1227776K, used 80857K [0x000000076ab00000, 0x00000007c0000000, 0x00000007c0000000)
  eden space 1057792K, 0% used [0x000000076ab00000,0x000000076ab00000,0x00000007ab400000)
  from space 169984K, 47% used [0x00000007ab400000,0x00000007b02f6778,0x00000007b5a00000)
  to   space 162816K, 0% used [0x00000007b6100000,0x00000007b6100000,0x00000007c0000000)
 ParOldGen       total 492032K, used 478677K [0x00000006c0000000, 0x00000006de080000, 0x000000076ab00000)
  object space 492032K, 97% used [0x00000006c0000000,0x00000006dd3756a0,0x00000006de080000)
 Metaspace       used 86928K, capacity 87673K, committed 88704K, reserved 1124352K
  class space    used 13882K, capacity 14123K, committed 14208K, reserved 1048576K
Event: 58.572 GC heap after
Heap after GC invocations=25 (full 4):
 PSYoungGen      total 1227776K, used 27468K [0x000000076ab00000, 0x00000007c0000000, 0x00000007c0000000)
  eden space 1057792K, 0% used [0x000000076ab00000,0x000000076ab00000,0x00000007ab400000)
  from space 169984K, 16% used [0x00000007ab400000,0x00000007aced32d8,0x00000007b5a00000)
  to   space 162816K, 0% used [0x00000007b6100000,0x00000007b6100000,0x00000007c0000000)
 ParOldGen       total 752640K, used 491845K [0x00000006c0000000, 0x00000006edf00000, 0x000000076ab00000)
  object space 752640K, 65% used [0x00000006c0000000,0x00000006de0517b0,0x00000006edf00000)
 Metaspace       used 86928K, capacity 87673K, committed 88704K, reserved 1124352K
  class space    used 13882K, capacity 14123K, committed 14208K, reserved 1048576K
}
Event: 61.807 GC heap before
{Heap before GC invocations=26 (full 4):
 PSYoungGen      total 1227776K, used 1085260K [0x000000076ab00000, 0x00000007c0000000, 0x00000007c0000000)
  eden space 1057792K, 100% used [0x000000076ab00000,0x00000007ab400000,0x00000007ab400000)
  from space 169984K, 16% used [0x00000007ab400000,0x00000007aced32d8,0x00000007b5a00000)
  to   space 162816K, 0% used [0x00000007b6100000,0x00000007b6100000,0x00000007c0000000)
 ParOldGen       total 752640K, used 491845K [0x00000006c0000000, 0x00000006edf00000, 0x000000076ab00000)
  object space 752640K, 65% used [0x00000006c0000000,0x00000006de0517b0,0x00000006edf00000)
 Metaspace       used 91336K, capacity 92311K, committed 93184K, reserved 1128448K
  class space    used 14711K, capacity 15040K, committed 15104K, reserved 1048576K
Event: 61.922 GC heap after
Heap after GC invocations=26 (full 4):
 PSYoungGen      total 1215488K, used 38397K [0x000000076ab00000, 0x00000007bf400000, 0x00000007c0000000)
  eden space 1064960K, 0% used [0x000000076ab00000,0x000000076ab00000,0x00000007abb00000)
  from space 150528K, 25% used [0x00000007b6100000,0x00000007b867f528,0x00000007bf400000)
  to   space 160256K, 0% used [0x00000007abb00000,0x00000007abb00000,0x00000007b5780000)
 ParOldGen       total 752640K, used 498004K [0x00000006c0000000, 0x00000006edf00000, 0x000000076ab00000)
  object space 752640K, 66% used [0x00000006c0000000,0x00000006de655188,0x00000006edf00000)
 Metaspace       used 91336K, capacity 92311K, committed 93184K, reserved 1128448K
  class space    used 14711K, capacity 15040K, committed 15104K, reserved 1048576K
}

